<?xml version="1.0" encoding="UTF-8"?>
<!-- Generated by org.testng.reporters.JUnitReportReporter -->
<testsuite hostname="Rajasekhar" failures="0" tests="1" name="tests.AssertValidation" time="0.029" errors="0" timestamp="2025-10-07T11:07:21 IST" skipped="0">
  <testcase classname="tests.AssertValidation" name="testNumbers" time="0.029"/>
</testsuite> <!-- tests.AssertValidation -->
