<?xml version="1.0" encoding="UTF-8"?>
<!-- Generated by org.testng.reporters.JUnitReportReporter -->
<testsuite hostname="Rajasekhar" failures="0" tests="2" name="tests.LoginTest" time="46.639" errors="0" timestamp="2025-10-14T13:54:53 IST" skipped="0">
  <testcase classname="tests.LoginTest" name="testLogin" time="23.373"/>
  <testcase classname="tests.LoginTest" name="testLogin" time="23.266"/>
</testsuite> <!-- tests.LoginTest -->
