<?xml version="1.0" encoding="UTF-8"?>
<!-- Generated by org.testng.reporters.JUnitReportReporter -->
<testsuite hostname="Rajasekhar" failures="0" tests="1" name="runners.TestRunner" time="21.395" errors="0" timestamp="2025-10-04T17:50:16 IST" skipped="0">
  <testcase classname="runners.TestRunner" name="runScenario" time="21.395"/>
</testsuite> <!-- runners.TestRunner -->
