<?xml version="1.0" encoding="UTF-8"?>
<!-- Generated by org.testng.reporters.JUnitReportReporter -->
<testsuite hostname="Rajasekhar" failures="0" tests="2" name="tests.LoginTest" time="23.271" errors="0" timestamp="2025-10-21T11:19:40 IST" skipped="0">
  <testcase classname="tests.LoginTest" name="testLogin" time="12.111"/>
  <testcase classname="tests.LoginTest" name="testLogin" time="11.160"/>
</testsuite> <!-- tests.LoginTest -->
