<?xml version="1.0" encoding="UTF-8"?>
<!-- Generated by org.testng.reporters.JUnitReportReporter -->
<testsuite hostname="Rajasekhar" failures="0" tests="1" name="tests.OrangeLoginTest" time="1.821" errors="0" timestamp="2025-10-21T11:19:40 IST" skipped="0">
  <testcase classname="tests.OrangeLoginTest" name="testOrangeLogin" time="1.821"/>
</testsuite> <!-- tests.OrangeLoginTest -->
