<?xml version="1.0" encoding="UTF-8"?>
<!-- Generated by org.testng.reporters.JUnitReportReporter -->
<testsuite hostname="Rajasekhar" failures="0" tests="1" name="tests.OrangeLoginTest" time="0.715" errors="0" timestamp="2025-10-16T11:50:45 IST" skipped="0">
  <testcase classname="tests.OrangeLoginTest" name="testOrangeLogin" time="0.715"/>
</testsuite> <!-- tests.OrangeLoginTest -->
